<?xml version="1.0" encoding="UTF-8"?>
<!-- Generated by org.testng.reporters.JUnitXMLReporter -->
<testsuite hostname="INGUEUCLP000666" ignored="0" name="Default test" tests="3" failures="0" timestamp="14 Jan 2018 13:16:07 GMT" time="42.374" errors="0">
  <testcase name="crmLogoTest" time="0.862" classname="com.pom.testcase.LoginPageTest"/>
  <testcase name="login" time="8.623" classname="com.pom.testcase.LoginPageTest"/>
  <testcase name="loginTitleTest" time="0.667" classname="com.pom.testcase.LoginPageTest"/>
</testsuite> <!-- Default test -->
