<?xml version="1.0" encoding="UTF-8"?>
<testng-results skipped="0" failed="0" ignored="0" total="3" passed="3">
  <reporter-output>
  </reporter-output>
  <suite name="Default suite" duration-ms="42374" started-at="2018-01-14T13:15:24Z" finished-at="2018-01-14T13:16:07Z">
    <groups>
    </groups>
    <test name="Default test" duration-ms="42374" started-at="2018-01-14T13:15:24Z" finished-at="2018-01-14T13:16:07Z">
      <class name="com.pom.testcase.LoginPageTest">
        <test-method status="PASS" signature="setup()[pri:0, instance:com.pom.testcase.LoginPageTest@4501b7af]" name="setup" is-config="true" duration-ms="10206" started-at="2018-01-14T13:15:24Z" finished-at="2018-01-14T13:15:35Z">
          <reporter-output>
          </reporter-output>
        </test-method> <!-- setup -->
        <test-method status="PASS" signature="crmLogoTest()[pri:0, instance:com.pom.testcase.LoginPageTest@4501b7af]" name="crmLogoTest" duration-ms="862" started-at="2018-01-14T13:15:35Z" finished-at="2018-01-14T13:15:35Z">
          <reporter-output>
          </reporter-output>
        </test-method> <!-- crmLogoTest -->
        <test-method status="PASS" signature="teardown()[pri:0, instance:com.pom.testcase.LoginPageTest@4501b7af]" name="teardown" is-config="true" duration-ms="1269" started-at="2018-01-14T13:15:35Z" finished-at="2018-01-14T13:15:37Z">
          <reporter-output>
          </reporter-output>
        </test-method> <!-- teardown -->
        <test-method status="PASS" signature="setup()[pri:0, instance:com.pom.testcase.LoginPageTest@4501b7af]" name="setup" is-config="true" duration-ms="8586" started-at="2018-01-14T13:15:37Z" finished-at="2018-01-14T13:15:45Z">
          <reporter-output>
          </reporter-output>
        </test-method> <!-- setup -->
        <test-method status="PASS" signature="login()[pri:0, instance:com.pom.testcase.LoginPageTest@4501b7af]" name="login" duration-ms="8623" started-at="2018-01-14T13:15:45Z" finished-at="2018-01-14T13:15:54Z">
          <reporter-output>
          </reporter-output>
        </test-method> <!-- login -->
        <test-method status="PASS" signature="teardown()[pri:0, instance:com.pom.testcase.LoginPageTest@4501b7af]" name="teardown" is-config="true" duration-ms="1098" started-at="2018-01-14T13:15:54Z" finished-at="2018-01-14T13:15:55Z">
          <reporter-output>
          </reporter-output>
        </test-method> <!-- teardown -->
        <test-method status="PASS" signature="setup()[pri:0, instance:com.pom.testcase.LoginPageTest@4501b7af]" name="setup" is-config="true" duration-ms="9737" started-at="2018-01-14T13:15:55Z" finished-at="2018-01-14T13:16:05Z">
          <reporter-output>
          </reporter-output>
        </test-method> <!-- setup -->
        <test-method status="PASS" signature="loginTitleTest()[pri:0, instance:com.pom.testcase.LoginPageTest@4501b7af]" name="loginTitleTest" duration-ms="667" started-at="2018-01-14T13:16:05Z" finished-at="2018-01-14T13:16:05Z">
          <reporter-output>
          </reporter-output>
        </test-method> <!-- loginTitleTest -->
        <test-method status="PASS" signature="teardown()[pri:0, instance:com.pom.testcase.LoginPageTest@4501b7af]" name="teardown" is-config="true" duration-ms="1282" started-at="2018-01-14T13:16:05Z" finished-at="2018-01-14T13:16:07Z">
          <reporter-output>
          </reporter-output>
        </test-method> <!-- teardown -->
      </class> <!-- com.pom.testcase.LoginPageTest -->
    </test> <!-- Default test -->
  </suite> <!-- Default suite -->
</testng-results>
