<?xml version="1.0" encoding="UTF-8"?>
<!-- Generated by org.testng.reporters.JUnitXMLReporter -->
<testsuite hostname="INGUEUCLP000666" ignored="1" name="POM Test cases" tests="4" failures="0" timestamp="11 Jan 2018 12:26:41 GMT" time="58.787" errors="0">
  <testcase name="crmLogoTest" time="0.175" classname="com.pom.testcase.LoginPageTest"/>
  <testcase name="login" time="7.937" classname="com.pom.testcase.LoginPageTest"/>
  <testcase name="loginTitleTest" time="0.09" classname="com.pom.testcase.LoginPageTest"/>
  <testcase name="HomePageUserTest" time="1.166" classname="com.pom.testcase.HomePageTest"/>
  <testcase name="ContactsClick" time="0.0" classname="com.pom.testcase.HomePageTest">
    <ignored/>
  </testcase> <!-- ContactsClick -->
</testsuite> <!-- POM Test cases -->
